<?xml version="1.0" encoding="UTF-8"?>
<testsuite xmlns:xsi="http://www.w3.org/2001/XMLSchema-instance" xsi:noNamespaceSchemaLocation="https://maven.apache.org/surefire/maven-failsafe-plugin/xsd/failsafe-test-report-3.0.xsd" version="3.0" name="org.example.SkippingSuiteIT" time="0.0" tests="1" errors="0" skipped="1" failures="0">
  <properties>
[...]
</properties>
  <testcase name="skippedBySuite" classname="org.example.SkippingSuiteIT" time="0.0">
    <skipped message="class org.example.SkippingSuiteIT is @Disabled"/>
  </testcase>
</testsuite>